<?xml version="1.0" encoding="UTF-8"?>
<!-- Generated by org.testng.reporters.JUnitReportReporter -->
<testsuite hostname="LAPTOP-GOS6NKMF" failures="0" tests="1" name="ai.Expertia.TestLayer.SinUpforCareerPageTest" time="42.325" errors="0" timestamp="2023-02-23T23:09:55 IST" skipped="0">
  <testcase classname="ai.Expertia.TestLayer.SinUpforCareerPageTest" name="VerifySinUpforCareerPageTest" time="42.325"/>
  <system-out/>
</testsuite> <!-- ai.Expertia.TestLayer.SinUpforCareerPageTest -->
