<?xml version="1.0" encoding="UTF-8"?>
<!-- Generated by org.testng.reporters.JUnitReportReporter -->
<testsuite hostname="LAPTOP-GOS6NKMF" failures="0" tests="1" name="ai.Expertia.TestLayer.CompanyCareerpageTest" time="42.819" errors="0" timestamp="2023-02-23T21:42:17 IST" skipped="0">
  <testcase classname="ai.Expertia.TestLayer.CompanyCareerpageTest" name="verifyCreateCareerpage" time="42.819"/>
  <system-out/>
</testsuite> <!-- ai.Expertia.TestLayer.CompanyCareerpageTest -->
