<?xml version="1.0" encoding="UTF-8"?>
<!-- Generated by org.testng.reporters.JUnitReportReporter -->
<testsuite hostname="LAPTOP-GOS6NKMF" failures="0" tests="1" name="ai.Expertia.TestLayer.HomePage1Test" time="24.805" errors="0" timestamp="2023-02-23T19:45:50 IST" skipped="0">
  <testcase classname="ai.Expertia.TestLayer.HomePage1Test" name="verifyHomepage1" time="24.805"/>
  <system-out/>
</testsuite> <!-- ai.Expertia.TestLayer.HomePage1Test -->
