<?xml version="1.0" encoding="UTF-8"?>
<!-- Generated by org.testng.reporters.JUnitReportReporter -->
<testsuite hostname="LAPTOP-GOS6NKMF" failures="0" tests="1" name="ai.Expertia.TestLayer.PostYourJobTestClass" time="27.209" errors="0" timestamp="2023-02-23T23:52:44 IST" skipped="0">
  <testcase classname="ai.Expertia.TestLayer.PostYourJobTestClass" name="VerifyPostYourJob" time="27.209"/>
  <system-out/>
</testsuite> <!-- ai.Expertia.TestLayer.PostYourJobTestClass -->
